<?xml version="1.0" encoding="UTF-8"?>
<!-- Generated by org.testng.reporters.JUnitReportReporter -->
<testsuite hostname="LAPTOP-4BTVBQER" failures="0" tests="1" name="runner.TestngTestRunner" time="5.722" errors="0" timestamp="2023-10-08T22:46:20 EDT" skipped="0">
  <testcase classname="runner.TestngTestRunner" name="runScenario" time="5.722"/>
</testsuite> <!-- runner.TestngTestRunner -->
